<?xml version="1.0" encoding="UTF-8"?>
<robot generator="Robot 7.0 (Python 3.12.1 on win32)" generated="2024-02-07T16:22:00.938820" rpa="false" schemaversion="5">
<suite id="s1" name="RegistrarDominioTest" source="C:\devSerratec\Testes\IQS_Logica\testes_biblioteca_front\RegistrarDominioTest.robot">
<test id="s1-t1" name="TC001 - Registrar Domínio como Gestor" line="12">
<kw name="Run Keywords" owner="BuiltIn" type="SETUP">
<kw name="Open Browser" owner="SeleniumLibrary">
<msg time="2024-02-07T16:22:01.100020" level="INFO">Opening browser 'chrome' to base url 'http://sistemas.t2mlab.com:3008/'.</msg>
<arg>url=${URL}</arg>
<arg>browser=${BROWSER}</arg>
<doc>Opens a new browser instance to the optional ``url``.</doc>
<status status="PASS" start="2024-02-07T16:22:01.100020" elapsed="2.828536"/>
</kw>
<kw name="Maximize Browser Window" owner="SeleniumLibrary">
<doc>Maximizes current browser window.</doc>
<status status="PASS" start="2024-02-07T16:22:03.929633" elapsed="0.123252"/>
</kw>
<arg>Open Browser</arg>
<arg>url=${URL}</arg>
<arg>browser=${BROWSER}</arg>
<arg>AND</arg>
<arg>Maximize Browser Window</arg>
<doc>Executes all the given keywords in a sequence.</doc>
<status status="PASS" start="2024-02-07T16:22:01.099015" elapsed="2.953870"/>
</kw>
<kw name="Generate Random String" owner="String">
<msg time="2024-02-07T16:22:04.053889" level="INFO">${NOME} = ZcdeFCli</msg>
<var>${NOME}</var>
<doc>Generates a string with a desired ``length`` from the given ``chars``.</doc>
<status status="PASS" start="2024-02-07T16:22:04.052885" elapsed="0.001004"/>
</kw>
<kw name="Efetuar Login com ${EMAIL} e ${SENHA}" owner="keywords" source_name="Efetuar Login com ${username} e ${password}">
<kw name="Input Text" owner="SeleniumLibrary">
<msg time="2024-02-07T16:22:04.055915" level="INFO">Typing text 'gestor_sb' into text field 'id:formBasicEmail'.</msg>
<arg>${LOGIN_PAGE.EmailInput}</arg>
<arg>${username}</arg>
<doc>Types the given ``text`` into the text field identified by ``locator``.</doc>
<status status="PASS" start="2024-02-07T16:22:04.054894" elapsed="0.110508"/>
</kw>
<kw name="Input Text" owner="SeleniumLibrary">
<msg time="2024-02-07T16:22:04.166410" level="INFO">Typing text '123' into text field 'id:formBasicPassword'.</msg>
<arg>${LOGIN_PAGE.PasswordInput}</arg>
<arg>${password}</arg>
<doc>Types the given ``text`` into the text field identified by ``locator``.</doc>
<status status="PASS" start="2024-02-07T16:22:04.165402" elapsed="0.053486"/>
</kw>
<kw name="Click Element" owner="SeleniumLibrary">
<msg time="2024-02-07T16:22:04.220052" level="INFO">Clicking element 'xpath=//div[@class='sc-aXZVg keSpkO']//button'.</msg>
<arg>${LOGIN_PAGE.LoginButton}</arg>
<doc>Click the element identified by ``locator``.</doc>
<status status="PASS" start="2024-02-07T16:22:04.218888" elapsed="0.031923"/>
</kw>
<status status="PASS" start="2024-02-07T16:22:04.053889" elapsed="0.196922"/>
</kw>
<kw name="Clique e Aguarde o ${LANDING_BUTTON}" owner="keywords" source_name="Clique e Aguarde o ${button}">
<kw name="Sleep" owner="BuiltIn">
<msg time="2024-02-07T16:22:06.252312" level="INFO">Slept 2 seconds.</msg>
<arg>2s</arg>
<doc>Pauses the test executed for the given time.</doc>
<status status="PASS" start="2024-02-07T16:22:04.251864" elapsed="2.000448"/>
</kw>
<kw name="Click Element" owner="SeleniumLibrary">
<msg time="2024-02-07T16:22:06.253322" level="INFO">Clicking element 'xpath=//div[@title='Sistema de Biblioteca']//button'.</msg>
<arg>${button}</arg>
<doc>Click the element identified by ``locator``.</doc>
<status status="PASS" start="2024-02-07T16:22:06.252312" elapsed="0.058970"/>
</kw>
<status status="PASS" start="2024-02-07T16:22:04.250811" elapsed="2.060471"/>
</kw>
<kw name="Clique e Aguarde o ${DOMINIO_BUTTON}" owner="keywords" source_name="Clique e Aguarde o ${button}">
<kw name="Sleep" owner="BuiltIn">
<msg time="2024-02-07T16:22:08.312847" level="INFO">Slept 2 seconds.</msg>
<arg>2s</arg>
<doc>Pauses the test executed for the given time.</doc>
<status status="PASS" start="2024-02-07T16:22:06.312677" elapsed="2.000170"/>
</kw>
<kw name="Click Element" owner="SeleniumLibrary">
<msg time="2024-02-07T16:22:08.312847" level="INFO">Clicking element 'xpath=//div[@class="sc-aXZVg jawhTA"]//button[text()="Domínio"]'.</msg>
<arg>${button}</arg>
<doc>Click the element identified by ``locator``.</doc>
<status status="PASS" start="2024-02-07T16:22:08.312847" elapsed="0.039193"/>
</kw>
<status status="PASS" start="2024-02-07T16:22:06.311282" elapsed="2.040758"/>
</kw>
<kw name="Clique e Aguarde o ${CADASTRAR_DOMINIO_BUTTON}" owner="keywords" source_name="Clique e Aguarde o ${button}">
<kw name="Sleep" owner="BuiltIn">
<msg time="2024-02-07T16:22:10.354194" level="INFO">Slept 2 seconds.</msg>
<arg>2s</arg>
<doc>Pauses the test executed for the given time.</doc>
<status status="PASS" start="2024-02-07T16:22:08.353041" elapsed="2.001153"/>
</kw>
<kw name="Click Element" owner="SeleniumLibrary">
<msg time="2024-02-07T16:22:10.354194" level="INFO">Clicking element 'xpath=//div[@class="sc-aXZVg jawhTA"]//button[text()="Cadastrar Domínio"]'.</msg>
<arg>${button}</arg>
<doc>Click the element identified by ``locator``.</doc>
<status status="PASS" start="2024-02-07T16:22:10.354194" elapsed="0.041347"/>
</kw>
<status status="PASS" start="2024-02-07T16:22:08.353041" elapsed="2.042500"/>
</kw>
<kw name="Enviar Formulário com o ${NOME}" owner="keywords" source_name="Enviar Formulário com o ${input}">
<kw name="Input Text" owner="SeleniumLibrary">
<msg time="2024-02-07T16:22:10.396542" level="INFO">Typing text 'ZcdeFCli' into text field 'id:nomeDominio'.</msg>
<arg>${CADASTRAR_DOMINIO_PAGE.NameInput}</arg>
<arg>${input}</arg>
<doc>Types the given ``text`` into the text field identified by ``locator``.</doc>
<status status="PASS" start="2024-02-07T16:22:10.396542" elapsed="0.089666"/>
</kw>
<kw name="Click Element" owner="SeleniumLibrary">
<msg time="2024-02-07T16:22:10.487716" level="INFO">Clicking element 'xpath=//div[@class="sc-aXZVg bgiAWQ"]//button'.</msg>
<arg>${CADASTRAR_DOMINIO_PAGE.CadastrarButton}</arg>
<doc>Click the element identified by ``locator``.</doc>
<status status="PASS" start="2024-02-07T16:22:10.486208" elapsed="0.041602"/>
</kw>
<status status="PASS" start="2024-02-07T16:22:10.396542" elapsed="0.131268"/>
</kw>
<kw name="Clique e Aguarde o ${MODAL_CONFIRM_BUTTON}" owner="keywords" source_name="Clique e Aguarde o ${button}">
<kw name="Sleep" owner="BuiltIn">
<msg time="2024-02-07T16:22:12.529504" level="INFO">Slept 2 seconds.</msg>
<arg>2s</arg>
<doc>Pauses the test executed for the given time.</doc>
<status status="PASS" start="2024-02-07T16:22:10.529183" elapsed="2.000321"/>
</kw>
<kw name="Click Element" owner="SeleniumLibrary">
<msg time="2024-02-07T16:22:12.530534" level="INFO">Clicking element 'xpath=//div[@class="modal-footer"]//div[@class="sc-aXZVg bgiAWQ"]//button'.</msg>
<arg>${button}</arg>
<doc>Click the element identified by ``locator``.</doc>
<status status="PASS" start="2024-02-07T16:22:12.529504" elapsed="0.042725"/>
</kw>
<status status="PASS" start="2024-02-07T16:22:10.529183" elapsed="2.043046"/>
</kw>
<tag>FluxoPrincipal</tag>
<status status="PASS" start="2024-02-07T16:22:01.098004" elapsed="11.474225"/>
</test>
<test id="s1-t2" name="TC002 - Logout" line="22">
<kw name="Run Keywords" owner="BuiltIn" type="SETUP">
<kw name="Open Browser" owner="SeleniumLibrary">
<msg time="2024-02-07T16:22:12.576229" level="INFO">Opening browser 'chrome' to base url 'http://sistemas.t2mlab.com:3008/'.</msg>
<arg>url=${URL}</arg>
<arg>browser=${BROWSER}</arg>
<doc>Opens a new browser instance to the optional ``url``.</doc>
<status status="PASS" start="2024-02-07T16:22:12.575229" elapsed="2.983355"/>
</kw>
<kw name="Maximize Browser Window" owner="SeleniumLibrary">
<doc>Maximizes current browser window.</doc>
<status status="PASS" start="2024-02-07T16:22:15.558584" elapsed="0.023488"/>
</kw>
<arg>Open Browser</arg>
<arg>url=${URL}</arg>
<arg>browser=${BROWSER}</arg>
<arg>AND</arg>
<arg>Maximize Browser Window</arg>
<doc>Executes all the given keywords in a sequence.</doc>
<status status="PASS" start="2024-02-07T16:22:12.574229" elapsed="3.007843"/>
</kw>
<kw name="Efetuar Login com ${EMAIL} e ${SENHA}" owner="keywords" source_name="Efetuar Login com ${username} e ${password}">
<kw name="Input Text" owner="SeleniumLibrary">
<msg time="2024-02-07T16:22:15.585348" level="INFO">Typing text 'gestor_sb' into text field 'id:formBasicEmail'.</msg>
<arg>${LOGIN_PAGE.EmailInput}</arg>
<arg>${username}</arg>
<doc>Types the given ``text`` into the text field identified by ``locator``.</doc>
<status status="PASS" start="2024-02-07T16:22:15.584348" elapsed="0.156706"/>
</kw>
<kw name="Input Text" owner="SeleniumLibrary">
<msg time="2024-02-07T16:22:15.742061" level="INFO">Typing text '123' into text field 'id:formBasicPassword'.</msg>
<arg>${LOGIN_PAGE.PasswordInput}</arg>
<arg>${password}</arg>
<doc>Types the given ``text`` into the text field identified by ``locator``.</doc>
<status status="PASS" start="2024-02-07T16:22:15.741054" elapsed="0.054626"/>
</kw>
<kw name="Click Element" owner="SeleniumLibrary">
<msg time="2024-02-07T16:22:15.796680" level="INFO">Clicking element 'xpath=//div[@class='sc-aXZVg keSpkO']//button'.</msg>
<arg>${LOGIN_PAGE.LoginButton}</arg>
<doc>Click the element identified by ``locator``.</doc>
<status status="PASS" start="2024-02-07T16:22:15.796680" elapsed="0.035663"/>
</kw>
<status status="PASS" start="2024-02-07T16:22:15.583072" elapsed="0.249271"/>
</kw>
<kw name="Clique e Aguarde o ${LOGOUT_BUTTON}" owner="keywords" source_name="Clique e Aguarde o ${button}">
<kw name="Sleep" owner="BuiltIn">
<msg time="2024-02-07T16:22:17.833491" level="INFO">Slept 2 seconds.</msg>
<arg>2s</arg>
<doc>Pauses the test executed for the given time.</doc>
<status status="PASS" start="2024-02-07T16:22:15.832343" elapsed="2.001148"/>
</kw>
<kw name="Click Element" owner="SeleniumLibrary">
<msg time="2024-02-07T16:22:17.834499" level="INFO">Clicking element 'xpath=(//*[contains(text(), "Sair")])[2]'.</msg>
<arg>${button}</arg>
<doc>Click the element identified by ``locator``.</doc>
<status status="PASS" start="2024-02-07T16:22:17.833491" elapsed="0.062218"/>
</kw>
<status status="PASS" start="2024-02-07T16:22:15.832343" elapsed="2.064371"/>
</kw>
<kw name="Clique e Aguarde o ${LOGOUT_MODAL}" owner="keywords" source_name="Clique e Aguarde o ${button}">
<kw name="Sleep" owner="BuiltIn">
<msg time="2024-02-07T16:22:19.898775" level="INFO">Slept 2 seconds.</msg>
<arg>2s</arg>
<doc>Pauses the test executed for the given time.</doc>
<status status="PASS" start="2024-02-07T16:22:17.897710" elapsed="2.001065"/>
</kw>
<kw name="Click Element" owner="SeleniumLibrary">
<msg time="2024-02-07T16:22:19.898775" level="INFO">Clicking element 'xpath=//*[contains(text(), "Sim")]'.</msg>
<arg>${button}</arg>
<doc>Click the element identified by ``locator``.</doc>
<status status="PASS" start="2024-02-07T16:22:19.898775" elapsed="0.038249"/>
</kw>
<status status="PASS" start="2024-02-07T16:22:17.896714" elapsed="2.040310"/>
</kw>
<status status="PASS" start="2024-02-07T16:22:12.573229" elapsed="7.364794"/>
</test>
<test id="s1-t3" name="TC003 - Buscar Domínio cadastrado" line="27">
<kw name="Run Keywords" owner="BuiltIn" type="SETUP">
<kw name="Open Browser" owner="SeleniumLibrary">
<msg time="2024-02-07T16:22:19.941431" level="INFO">Opening browser 'chrome' to base url 'http://sistemas.t2mlab.com:3008/'.</msg>
<arg>url=${URL}</arg>
<arg>browser=${BROWSER}</arg>
<doc>Opens a new browser instance to the optional ``url``.</doc>
<status status="PASS" start="2024-02-07T16:22:19.941431" elapsed="2.856407"/>
</kw>
<kw name="Maximize Browser Window" owner="SeleniumLibrary">
<doc>Maximizes current browser window.</doc>
<status status="PASS" start="2024-02-07T16:22:22.798343" elapsed="0.023904"/>
</kw>
<arg>Open Browser</arg>
<arg>url=${URL}</arg>
<arg>browser=${BROWSER}</arg>
<arg>AND</arg>
<arg>Maximize Browser Window</arg>
<doc>Executes all the given keywords in a sequence.</doc>
<status status="PASS" start="2024-02-07T16:22:19.940431" elapsed="2.881816"/>
</kw>
<kw name="Efetuar Login com ${EMAIL} e ${SENHA}" owner="keywords" source_name="Efetuar Login com ${username} e ${password}">
<kw name="Input Text" owner="SeleniumLibrary">
<msg time="2024-02-07T16:22:22.824246" level="INFO">Typing text 'gestor_sb' into text field 'id:formBasicEmail'.</msg>
<arg>${LOGIN_PAGE.EmailInput}</arg>
<arg>${username}</arg>
<doc>Types the given ``text`` into the text field identified by ``locator``.</doc>
<status status="PASS" start="2024-02-07T16:22:22.823248" elapsed="0.105317"/>
</kw>
<kw name="Input Text" owner="SeleniumLibrary">
<msg time="2024-02-07T16:22:22.928565" level="INFO">Typing text '123' into text field 'id:formBasicPassword'.</msg>
<arg>${LOGIN_PAGE.PasswordInput}</arg>
<arg>${password}</arg>
<doc>Types the given ``text`` into the text field identified by ``locator``.</doc>
<status status="PASS" start="2024-02-07T16:22:22.928565" elapsed="0.054352"/>
</kw>
<kw name="Click Element" owner="SeleniumLibrary">
<msg time="2024-02-07T16:22:22.983932" level="INFO">Clicking element 'xpath=//div[@class='sc-aXZVg keSpkO']//button'.</msg>
<arg>${LOGIN_PAGE.LoginButton}</arg>
<doc>Click the element identified by ``locator``.</doc>
<status status="PASS" start="2024-02-07T16:22:22.982917" elapsed="0.031940"/>
</kw>
<status status="PASS" start="2024-02-07T16:22:22.822247" elapsed="0.193648"/>
</kw>
<kw name="Clique e Aguarde o ${LANDING_BUTTON}" owner="keywords" source_name="Clique e Aguarde o ${button}">
<kw name="Sleep" owner="BuiltIn">
<msg time="2024-02-07T16:22:25.017057" level="INFO">Slept 2 seconds.</msg>
<arg>2s</arg>
<doc>Pauses the test executed for the given time.</doc>
<status status="PASS" start="2024-02-07T16:22:23.015895" elapsed="2.001667"/>
</kw>
<kw name="Click Element" owner="SeleniumLibrary">
<msg time="2024-02-07T16:22:25.017562" level="INFO">Clicking element 'xpath=//div[@title='Sistema de Biblioteca']//button'.</msg>
<arg>${button}</arg>
<doc>Click the element identified by ``locator``.</doc>
<status status="PASS" start="2024-02-07T16:22:25.017562" elapsed="0.060142"/>
</kw>
<status status="PASS" start="2024-02-07T16:22:23.015895" elapsed="2.061809"/>
</kw>
<kw name="Clique e Aguarde o ${DOMINIO_BUTTON}" owner="keywords" source_name="Clique e Aguarde o ${button}">
<kw name="Sleep" owner="BuiltIn">
<msg time="2024-02-07T16:22:27.079148" level="INFO">Slept 2 seconds.</msg>
<arg>2s</arg>
<doc>Pauses the test executed for the given time.</doc>
<status status="PASS" start="2024-02-07T16:22:25.078741" elapsed="2.000407"/>
</kw>
<kw name="Click Element" owner="SeleniumLibrary">
<msg time="2024-02-07T16:22:27.079148" level="INFO">Clicking element 'xpath=//div[@class="sc-aXZVg jawhTA"]//button[text()="Domínio"]'.</msg>
<arg>${button}</arg>
<doc>Click the element identified by ``locator``.</doc>
<status status="PASS" start="2024-02-07T16:22:27.079148" elapsed="0.036933"/>
</kw>
<status status="PASS" start="2024-02-07T16:22:25.077704" elapsed="2.038377"/>
</kw>
<kw name="Clique e Aguarde o ${BUSCAR_DOMINIO_BUTON}" owner="keywords" source_name="Clique e Aguarde o ${button}">
<kw name="Sleep" owner="BuiltIn">
<msg time="2024-02-07T16:22:29.118243" level="INFO">Slept 2 seconds.</msg>
<arg>2s</arg>
<doc>Pauses the test executed for the given time.</doc>
<status status="PASS" start="2024-02-07T16:22:27.117589" elapsed="2.000654"/>
</kw>
<kw name="Click Element" owner="SeleniumLibrary">
<msg time="2024-02-07T16:22:29.119267" level="INFO">Clicking element 'xpath=//div[@class="sc-aXZVg jawhTA"]//button[text()="Buscar Domínio"]'.</msg>
<arg>${button}</arg>
<doc>Click the element identified by ``locator``.</doc>
<status status="PASS" start="2024-02-07T16:22:29.118243" elapsed="0.051797"/>
</kw>
<status status="PASS" start="2024-02-07T16:22:27.116081" elapsed="2.053959"/>
</kw>
<status status="PASS" start="2024-02-07T16:22:19.939428" elapsed="9.230612"/>
</test>
<test id="s1-t4" name="TC004 - Registrar Categoria como Gestor" line="33">
<kw name="Run Keywords" owner="BuiltIn" type="SETUP">
<kw name="Open Browser" owner="SeleniumLibrary">
<msg time="2024-02-07T16:22:29.174235" level="INFO">Opening browser 'chrome' to base url 'http://sistemas.t2mlab.com:3008/'.</msg>
<arg>url=${URL}</arg>
<arg>browser=${BROWSER}</arg>
<doc>Opens a new browser instance to the optional ``url``.</doc>
<status status="PASS" start="2024-02-07T16:22:29.174235" elapsed="2.770107"/>
</kw>
<kw name="Maximize Browser Window" owner="SeleniumLibrary">
<doc>Maximizes current browser window.</doc>
<status status="PASS" start="2024-02-07T16:22:31.945342" elapsed="0.121382"/>
</kw>
<arg>Open Browser</arg>
<arg>url=${URL}</arg>
<arg>browser=${BROWSER}</arg>
<arg>AND</arg>
<arg>Maximize Browser Window</arg>
<doc>Executes all the given keywords in a sequence.</doc>
<status status="PASS" start="2024-02-07T16:22:29.173235" elapsed="2.893489"/>
</kw>
<kw name="Generate Random String" owner="String">
<msg time="2024-02-07T16:22:32.067728" level="INFO">${NOME} = no9LsNRJ</msg>
<var>${NOME}</var>
<doc>Generates a string with a desired ``length`` from the given ``chars``.</doc>
<status status="PASS" start="2024-02-07T16:22:32.067728" elapsed="0.000000"/>
</kw>
<kw name="Efetuar Login com ${EMAIL} e ${SENHA}" owner="keywords" source_name="Efetuar Login com ${username} e ${password}">
<kw name="Input Text" owner="SeleniumLibrary">
<msg time="2024-02-07T16:22:32.070104" level="INFO">Typing text 'gestor_sb' into text field 'id:formBasicEmail'.</msg>
<arg>${LOGIN_PAGE.EmailInput}</arg>
<arg>${username}</arg>
<doc>Types the given ``text`` into the text field identified by ``locator``.</doc>
<status status="PASS" start="2024-02-07T16:22:32.068955" elapsed="0.094593"/>
</kw>
<kw name="Input Text" owner="SeleniumLibrary">
<msg time="2024-02-07T16:22:32.163548" level="INFO">Typing text '123' into text field 'id:formBasicPassword'.</msg>
<arg>${LOGIN_PAGE.PasswordInput}</arg>
<arg>${password}</arg>
<doc>Types the given ``text`` into the text field identified by ``locator``.</doc>
<status status="PASS" start="2024-02-07T16:22:32.163548" elapsed="0.057138"/>
</kw>
<kw name="Click Element" owner="SeleniumLibrary">
<msg time="2024-02-07T16:22:32.221736" level="INFO">Clicking element 'xpath=//div[@class='sc-aXZVg keSpkO']//button'.</msg>
<arg>${LOGIN_PAGE.LoginButton}</arg>
<doc>Click the element identified by ``locator``.</doc>
<status status="PASS" start="2024-02-07T16:22:32.220686" elapsed="0.039204"/>
</kw>
<status status="PASS" start="2024-02-07T16:22:32.068955" elapsed="0.190935"/>
</kw>
<kw name="Clique e Aguarde o ${LANDING_BUTTON}" owner="keywords" source_name="Clique e Aguarde o ${button}">
<kw name="Sleep" owner="BuiltIn">
<msg time="2024-02-07T16:22:34.261255" level="INFO">Slept 2 seconds.</msg>
<arg>2s</arg>
<doc>Pauses the test executed for the given time.</doc>
<status status="PASS" start="2024-02-07T16:22:32.261139" elapsed="2.000622"/>
</kw>
<kw name="Click Element" owner="SeleniumLibrary">
<msg time="2024-02-07T16:22:34.262764" level="INFO">Clicking element 'xpath=//div[@title='Sistema de Biblioteca']//button'.</msg>
<arg>${button}</arg>
<doc>Click the element identified by ``locator``.</doc>
<status status="PASS" start="2024-02-07T16:22:34.261761" elapsed="0.055849"/>
</kw>
<status status="PASS" start="2024-02-07T16:22:32.259890" elapsed="2.057720"/>
</kw>
<kw name="Clique e Aguarde o ${CATEGORIA_BUTTON}" owner="keywords" source_name="Clique e Aguarde o ${button}">
<kw name="Sleep" owner="BuiltIn">
<msg time="2024-02-07T16:22:36.320782" level="INFO">Slept 2 seconds.</msg>
<arg>2s</arg>
<doc>Pauses the test executed for the given time.</doc>
<status status="PASS" start="2024-02-07T16:22:34.319080" elapsed="2.001702"/>
</kw>
<kw name="Click Element" owner="SeleniumLibrary">
<msg time="2024-02-07T16:22:36.320782" level="INFO">Clicking element 'xpath=//div[@class="sc-aXZVg jawhTA"]//button[text()="Categoria"]'.</msg>
<arg>${button}</arg>
<doc>Click the element identified by ``locator``.</doc>
<status status="PASS" start="2024-02-07T16:22:36.320782" elapsed="0.035504"/>
</kw>
<status status="PASS" start="2024-02-07T16:22:34.317610" elapsed="2.040333"/>
</kw>
<kw name="Clique e Aguarde o ${CADASTRAR_CATEGORIA_BUTTON}" owner="keywords" source_name="Clique e Aguarde o ${button}">
<kw name="Sleep" owner="BuiltIn">
<msg time="2024-02-07T16:22:38.359190" level="INFO">Slept 2 seconds.</msg>
<arg>2s</arg>
<doc>Pauses the test executed for the given time.</doc>
<status status="PASS" start="2024-02-07T16:22:36.358947" elapsed="2.000243"/>
</kw>
<kw name="Click Element" owner="SeleniumLibrary">
<msg time="2024-02-07T16:22:38.359190" level="INFO">Clicking element 'xpath=//div[@class="sc-aXZVg jawhTA"]//button[text()="Cadastrar Categoria"]'.</msg>
<arg>${button}</arg>
<doc>Click the element identified by ``locator``.</doc>
<status status="PASS" start="2024-02-07T16:22:38.359190" elapsed="0.044150"/>
</kw>
<status status="PASS" start="2024-02-07T16:22:36.358947" elapsed="2.044393"/>
</kw>
<status status="PASS" start="2024-02-07T16:22:29.172234" elapsed="9.231106"/>
</test>
<status status="PASS" start="2024-02-07T16:22:00.943666" elapsed="37.461671"/>
</suite>
<statistics>
<total>
<stat pass="4" fail="0" skip="0">All Tests</stat>
</total>
<tag>
<stat pass="1" fail="0" skip="0">FluxoPrincipal</stat>
</tag>
<suite>
<stat pass="4" fail="0" skip="0" id="s1" name="RegistrarDominioTest">RegistrarDominioTest</stat>
</suite>
</statistics>
<errors>
</errors>
</robot>
